<?xml version="1.0" encoding="UTF-8"?>
<!-- Generated by org.testng.reporters.JUnitReportReporter -->
<testsuite skipped="0" hostname="Elmurots-iMac.fios-router.home" name="selenium.HashMapConcept" tests="1" failures="0" timestamp="12 May 2019 06:02:16 GMT" time="7.622" errors="0">
  <testcase name="loginWithAdminTest" time="7.622" classname="selenium.HashMapConcept"/>
</testsuite> <!-- selenium.HashMapConcept -->
